Arguments: 
  C:\Program Files\nodejs\node.exe C:\Users\aleone\AppData\Roaming\npm\node_modules\yarn\bin\yarn.js

PATH: 
  C:\Program Files (x86)\Common Files\Oracle\Java\javapath;C:\WINDOWS\system32;C:\WINDOWS;C:\WINDOWS\System32\Wbem;C:\WINDOWS\System32\WindowsPowerShell\v1.0\;C:\WINDOWS\System32\OpenSSH\;C:\Program Files (x86)\Pulse Secure\VC142.CRT\X64\;C:\Program Files (x86)\Pulse Secure\VC142.CRT\X86\;C:\Program Files\Novell\iPrint;C:\Program Files\WindowsPowerShell\Scripts\HP.ClientScriptLibrary;C:\WINDOWS\System32\WindowsPowerShell\v1.0\;C:\Program Files\PuTTY\;C:\Program Files\nodejs\;C:\Program Files\Java\jdk1.8.0_331;C:\Program Files\apache-maven-3.8.5\bin;C:\Program Files\MongoDB\Server\5.0\mongosh-1.5.0-win32-x64\bin;C:\Users\aleone\AppData\Local\Microsoft\WindowsApps;C:\Users\aleone\AppData\Local\Programs\Git\cmd;C:\Users\aleone\AppData\Local\Programs\Microsoft VS Code\bin;C:\Users\aleone\AppData\Roaming\npm;C:\Program Files\heroku\bin

Yarn version: 
  1.22.19

Node version: 
  16.15.0

Platform: 
  win32 x64

Trace: 
  Error: C:\Users\aleone\Desktop\formazione\codice\Dolphin\server\node_modules\bcrypt: UNKNOWN: unknown error, open 'C:\Users\aleone\AppData\Local\Temp\yarn--1663339157914-0.4603424599350281\yarn.cmd'

npm manifest: 
  {
    "name": "server",
    "version": "1.0.0",
    "main": "server.js",
    "scripts": {
      "start": "node build/server.js",
      "build": "tsc",
      "postinstall": "npm run build",
      "dev": "nodemon src/server.ts",
      "lint": "eslint .",
      "lint:fix": "eslint --fix .",
      "prepare": "husky install",
      "test": "jest",
      "lint-staged": "npm run lint:fix"
    },
    "repository": {
      "type": "git",
      "url": "https://innersource.soprasteria.com/theboscogang/dolphin-memo-be.git"
    },
    "author": "",
    "license": "ISC",
    "keywords": [],
    "devDependencies": {
      "@babel/preset-typescript": "^7.18.6",
      "@types/express": "^4.17.13",
      "@types/jest": "^28.1.5",
      "@types/socket.io": "^3.0.2",
      "@typescript-eslint/eslint-plugin": "^5.30.6",
      "@typescript-eslint/parser": "^5.30.6",
      "eslint": "^8.19.0",
      "eslint-config-airbnb-base": "^15.0.0",
      "eslint-config-prettier": "^8.5.0",
      "eslint-plugin-import": "^2.26.0",
      "eslint-plugin-prettier": "^4.2.1",
      "husky": "^8.0.0",
      "jest": "^28.1.2",
      "lint-staged": "^13.0.3",
      "nodemon": "^2.0.19",
      "prettier": "^2.7.1",
      "ts-jest": "^28.0.5",
      "ts-node": "^10.8.2",
      "typescript": "^4.8.2"
    },
    "dependencies": {
      "@socket.io/admin-ui": "^0.4.0",
      "@types/nodemailer": "^6.4.5",
      "cors": "^2.8.5",
      "eslint-config-airbnb-typescript": "^17.0.0",
      "express": "^4.18.1",
      "heroku": "^7.62.0",
      "nodemailer": "^6.7.7",
      "socket.io": "^4.5.1",
      "socket.io-client": "^4.5.1",
      "uuid": "^8.3.2"
    },
    "description": "",
    "lint-staged": {
      "*.js": "eslint --cache --fix"
    }
  }

yarn manifest: 
  No manifest

Lockfile: 
  No lockfile
